<?xml version="1.0" encoding="UTF-8"?>
<testng-results skipped="1" failed="0" total="1" passed="0">
  <reporter-output>
  </reporter-output>
  <suite name="Default suite" duration-ms="203" started-at="2017-01-06T15:15:38Z" finished-at="2017-01-06T15:15:39Z">
    <groups>
    </groups>
    <test name="Default test" duration-ms="203" started-at="2017-01-06T15:15:38Z" finished-at="2017-01-06T15:15:39Z">
      <class name="niki_ai.nikiApp">
        <test-method status="FAIL" signature="setup()[pri:0, instance:niki_ai.nikiApp@ca263c2]" name="setup" is-config="true" duration-ms="0" started-at="2017-01-06T20:45:38Z" finished-at="2017-01-06T20:45:38Z">
          <exception class="java.lang.NoSuchMethodError">
            <message>
              <![CDATA[io.appium.java_client.android.AndroidDriver.substituteMobilePlatform(Lorg/openqa/selenium/Capabilities;Ljava/lang/String;)Lorg/openqa/selenium/Capabilities;]]>
            </message>
            <full-stacktrace>
              <![CDATA[java.lang.NoSuchMethodError: io.appium.java_client.android.AndroidDriver.substituteMobilePlatform(Lorg/openqa/selenium/Capabilities;Ljava/lang/String;)Lorg/openqa/selenium/Capabilities;
	at io.appium.java_client.android.AndroidDriver.<init>(AndroidDriver.java:72)
	at niki_ai.nikiApp.setup(nikiApp.java:45)
	at sun.reflect.NativeMethodAccessorImpl.invoke0(Native Method)
	at sun.reflect.NativeMethodAccessorImpl.invoke(Unknown Source)
	at sun.reflect.DelegatingMethodAccessorImpl.invoke(Unknown Source)
	at java.lang.reflect.Method.invoke(Unknown Source)
	at org.testng.internal.MethodInvocationHelper.invokeMethod(MethodInvocationHelper.java:85)
	at org.testng.internal.Invoker.invokeConfigurationMethod(Invoker.java:510)
	at org.testng.internal.Invoker.invokeConfigurations(Invoker.java:211)
	at org.testng.internal.Invoker.invokeConfigurations(Invoker.java:138)
	at org.testng.TestRunner.beforeRun(TestRunner.java:647)
	at org.testng.TestRunner.run(TestRunner.java:615)
	at org.testng.SuiteRunner.runTest(SuiteRunner.java:357)
	at org.testng.SuiteRunner.runSequentially(SuiteRunner.java:352)
	at org.testng.SuiteRunner.privateRun(SuiteRunner.java:310)
	at org.testng.SuiteRunner.run(SuiteRunner.java:259)
	at org.testng.SuiteRunnerWorker.runSuite(SuiteRunnerWorker.java:52)
	at org.testng.SuiteRunnerWorker.run(SuiteRunnerWorker.java:86)
	at org.testng.TestNG.runSuitesSequentially(TestNG.java:1185)
	at org.testng.TestNG.runSuitesLocally(TestNG.java:1110)
	at org.testng.TestNG.run(TestNG.java:1018)
	at org.testng.remote.RemoteTestNG.run(RemoteTestNG.java:111)
	at org.testng.remote.RemoteTestNG.initAndRun(RemoteTestNG.java:204)
	at org.testng.remote.RemoteTestNG.main(RemoteTestNG.java:175)
]]>
            </full-stacktrace>
          </exception> <!-- java.lang.NoSuchMethodError -->
          <reporter-output>
          </reporter-output>
        </test-method> <!-- setup -->
        <test-method status="SKIP" signature="blankUserName()[pri:0, instance:niki_ai.nikiApp@ca263c2]" name="blankUserName" duration-ms="1" started-at="2017-01-06T20:45:39Z" finished-at="2017-01-06T20:45:39Z">
          <reporter-output>
          </reporter-output>
        </test-method> <!-- blankUserName -->
        <test-method status="SKIP" signature="end()[pri:0, instance:niki_ai.nikiApp@ca263c2]" name="end" is-config="true" duration-ms="0" started-at="2017-01-06T20:45:39Z" finished-at="2017-01-06T20:45:39Z">
          <reporter-output>
          </reporter-output>
        </test-method> <!-- end -->
      </class> <!-- niki_ai.nikiApp -->
    </test> <!-- Default test -->
  </suite> <!-- Default suite -->
</testng-results>
